<?xml version="1.0" encoding="UTF-8"?>
<!-- Generated by org.testng.reporters.JUnitReportReporter -->
<testsuite hostname="DESKTOP-TL6E7AH" failures="0" tests="1" name="com.Maven.Git.CreateTest" time="0.026" errors="0" timestamp="2024-03-06T13:21:56 IST" skipped="0">
  <testcase classname="com.Maven.Git.CreateTest" name="createTest" time="0.026"/>
</testsuite> <!-- com.Maven.Git.CreateTest -->
